Content-Type: text/plain; charset="utf-8"
MIME-Version: 1.0
Content-Transfer-Encoding: 8bit
Subject: 
 =?utf-8?b?0KHQsdGA0L7RgSDQv9Cw0YDQvtC70Y8g0L3QsCBsb2NhbGhvc3Q6ODAwMA==?=
From: webmaster@localhost
To: mshamilev65@gmail.com
Date: Mon, 19 Dec 2022 12:16:14 -0000
Message-ID: <167145217488.12432.14011399029369142460@LAPTOP-GBGUSUAS>


Вы получили это письмо, потому что вы (или кто-то другой) запросили восстановление пароля от учётной записи на сайте localhost:8000, которая связана с этим адресом электронной почты.

Пожалуйста, перейдите на эту страницу и введите новый пароль:

http://localhost:8000/accounts/reset/MQ/bgoqf2-96c41833214618673c94d75d8c5df5cf/

Ваше имя пользователя (на случай, если вы его забыли): admin

Спасибо, что используете наш сайт!

Команда сайта localhost:8000



-------------------------------------------------------------------------------
Content-Type: text/plain; charset="utf-8"
MIME-Version: 1.0
Content-Transfer-Encoding: 8bit
Subject: 
 =?utf-8?b?0KHQsdGA0L7RgSDQv9Cw0YDQvtC70Y8g0L3QsCBsb2NhbGhvc3Q6ODAwMA==?=
From: webmaster@localhost
To: mshamilev65@gmail.com
Date: Mon, 19 Dec 2022 12:16:14 -0000
Message-ID: <167145217489.12432.1417016737173028696@LAPTOP-GBGUSUAS>


Вы получили это письмо, потому что вы (или кто-то другой) запросили восстановление пароля от учётной записи на сайте localhost:8000, которая связана с этим адресом электронной почты.

Пожалуйста, перейдите на эту страницу и введите новый пароль:

http://localhost:8000/accounts/reset/OA/bgoqf2-22a7794ebab2165d83eb44537ce8c5e9/

Ваше имя пользователя (на случай, если вы его забыли): Марьям

Спасибо, что используете наш сайт!

Команда сайта localhost:8000



-------------------------------------------------------------------------------
Content-Type: text/plain; charset="utf-8"
MIME-Version: 1.0
Content-Transfer-Encoding: 8bit
Subject: 
 =?utf-8?b?0KHQsdGA0L7RgSDQv9Cw0YDQvtC70Y8g0L3QsCBsb2NhbGhvc3Q6ODAwMA==?=
From: webmaster@localhost
To: mshamilev65@gmail.com
Date: Mon, 19 Dec 2022 12:16:14 -0000
Message-ID: <167145217489.12432.4248975392025709634@LAPTOP-GBGUSUAS>


Вы получили это письмо, потому что вы (или кто-то другой) запросили восстановление пароля от учётной записи на сайте localhost:8000, которая связана с этим адресом электронной почты.

Пожалуйста, перейдите на эту страницу и введите новый пароль:

http://localhost:8000/accounts/reset/OQ/bgoqf2-eec8f1806e2f4372f175526579220ef8/

Ваше имя пользователя (на случай, если вы его забыли): Алина

Спасибо, что используете наш сайт!

Команда сайта localhost:8000



-------------------------------------------------------------------------------
